<?xml version="1.0"?>
<suiteResults>
  <FitNesseVersion>v20160515</FitNesseVersion>
  <rootPath>SuiteBgp.SuiteBIMWorkflow</rootPath>
  <pageHistoryReference>
    <name>SuiteBgp.SuiteBIMWorkflow.SuiteSetUp</name>
    <date>2017-02-03T10:29:53+08:00</date>
    <pageHistoryLink>SuiteBgp.SuiteBIMWorkflow.SuiteSetUp?pageHistory&amp;resultDate=20170203102953</pageHistoryLink>
    <counts>
      <right>0</right>
      <wrong>0</wrong>
      <ignores>0</ignores>
      <exceptions>1</exceptions>
    </counts>
    <runTimeInMillis>4296</runTimeInMillis>
  </pageHistoryReference>
  <pageHistoryReference>
    <name>SuiteBgp.SuiteBIMWorkflow.TestNewsForNewApplication</name>
    <date>2017-02-03T10:29:57+08:00</date>
    <pageHistoryLink>SuiteBgp.SuiteBIMWorkflow.TestNewsForNewApplication?pageHistory&amp;resultDate=20170203102957</pageHistoryLink>
    <counts>
      <right>0</right>
      <wrong>0</wrong>
      <ignores>0</ignores>
      <exceptions>1</exceptions>
    </counts>
    <runTimeInMillis>20519</runTimeInMillis>
  </pageHistoryReference>
  <executionLog>
    <testSystem>slim:fitnesse.slim.SlimService</testSystem>
    <command>java -Dlog4j.debug -Dlog4j.configuration=file:\\\C:\gitCloneFitness2\appian-test-scripts\FitNesseForAppian\log4j.properties -cp C:\gitCloneFitness2\appian-test-scripts\FitNesseForAppian\lib\fitnesse-20160515-standalone.jar;C:\gitCloneFitness2\appian-test-scripts\FitNesseForAppian\lib\accessors-smart-1.1.jar;C:\gitCloneFitness2\appian-test-scripts\FitNesseForAppian\lib\asm-5.0.3.jar;C:\gitCloneFitness2\appian-test-scripts\FitNesseForAppian\lib\bcpkix-jdk15on-1.48.jar;C:\gitCloneFitness2\appian-test-scripts\FitNesseForAppian\lib\bcprov-jdk15on-1.48.jar;C:\gitCloneFitness2\appian-test-scripts\FitNesseForAppian\lib\cglib-nodep-2.1_3.jar;C:\gitCloneFitness2\appian-test-scripts\FitNesseForAppian\lib\commons-codec-1.10.jar;C:\gitCloneFitness2\appian-test-scripts\FitNesseForAppian\lib\commons-exec-1.3.jar;C:\gitCloneFitness2\appian-test-scripts\FitNesseForAppian\lib\commons-io-2.4.jar;C:\gitCloneFitness2\appian-test-scripts\FitNesseForAppian\lib\commons-lang3-3.0.jar;C:\gitCloneFitness2\appian-test-scripts\FitNesseForAppian\lib\commons-logging-1.2.jar;C:\gitCloneFitness2\appian-test-scripts\FitNesseForAppian\lib\fitnesse-20160515-standalone.jar;C:\gitCloneFitness2\appian-test-scripts\FitNesseForAppian\lib\gson-2.3.1.jar;C:\gitCloneFitness2\appian-test-scripts\FitNesseForAppian\lib\guava-19.0.jar;C:\gitCloneFitness2\appian-test-scripts\FitNesseForAppian\lib\httpclient-4.5.1.jar;C:\gitCloneFitness2\appian-test-scripts\FitNesseForAppian\lib\httpcore-4.4.3.jar;C:\gitCloneFitness2\appian-test-scripts\FitNesseForAppian\lib\jackson-annotations-2.4.0.jar;C:\gitCloneFitness2\appian-test-scripts\FitNesseForAppian\lib\jackson-core-2.4.1.1.jar;C:\gitCloneFitness2\appian-test-scripts\FitNesseForAppian\lib\jackson-databind-2.4.1.3.jar;C:\gitCloneFitness2\appian-test-scripts\FitNesseForAppian\lib\javax.servlet-api-3.1.0.jar;C:\gitCloneFitness2\appian-test-scripts\FitNesseForAppian\lib\jcip-annotations-1.0.jar;C:\gitCloneFitness2\appian-test-scripts\FitNesseForAppian\lib\jcommander-1.48.jar;C:\gitCloneFitness2\appian-test-scripts\FitNesseForAppian\lib\jetty-rc-repacked-5.jar;C:\gitCloneFitness2\appian-test-scripts\FitNesseForAppian\lib\jetty-repacked-9.2.13.v20150730.jar;C:\gitCloneFitness2\appian-test-scripts\FitNesseForAppian\lib\jna-4.1.0.jar;C:\gitCloneFitness2\appian-test-scripts\FitNesseForAppian\lib\jna-platform-4.1.0.jar;C:\gitCloneFitness2\appian-test-scripts\FitNesseForAppian\lib\json-path-2.2.0.jar;C:\gitCloneFitness2\appian-test-scripts\FitNesseForAppian\lib\json-smart-2.2.1.jar;C:\gitCloneFitness2\appian-test-scripts\FitNesseForAppian\lib\log4j-1.2.16.jar;C:\gitCloneFitness2\appian-test-scripts\FitNesseForAppian\lib\mx4j-tools-3.0.1.jar;C:\gitCloneFitness2\appian-test-scripts\FitNesseForAppian\lib\netty-3.5.7.Final.jar;C:\gitCloneFitness2\appian-test-scripts\FitNesseForAppian\lib\selenium-api-2.53.0.jar;C:\gitCloneFitness2\appian-test-scripts\FitNesseForAppian\lib\selenium-chrome-driver-2.53.0.jar;C:\gitCloneFitness2\appian-test-scripts\FitNesseForAppian\lib\selenium-edge-driver-2.53.0.jar;C:\gitCloneFitness2\appian-test-scripts\FitNesseForAppian\lib\selenium-firefox-driver-2.53.0.jar;C:\gitCloneFitness2\appian-test-scripts\FitNesseForAppian\lib\selenium-ie-driver-2.53.0.jar;C:\gitCloneFitness2\appian-test-scripts\FitNesseForAppian\lib\selenium-java-2.53.0.jar;C:\gitCloneFitness2\appian-test-scripts\FitNesseForAppian\lib\selenium-leg-rc-2.53.0.jar;C:\gitCloneFitness2\appian-test-scripts\FitNesseForAppian\lib\selenium-remote-driver-2.53.0.jar;C:\gitCloneFitness2\appian-test-scripts\FitNesseForAppian\lib\selenium-safari-driver-2.53.0.jar;C:\gitCloneFitness2\appian-test-scripts\FitNesseForAppian\lib\selenium-server-2.53.0.jar;C:\gitCloneFitness2\appian-test-scripts\FitNesseForAppian\lib\selenium-support-2.53.0.jar;C:\gitCloneFitness2\appian-test-scripts\FitNesseForAppian\lib\slf4j-api-1.7.16.jar;C:\gitCloneFitness2\appian-test-scripts\FitNesseForAppian\lib\snakeyaml-1.8.jar;C:\gitCloneFitness2\appian-test-scripts\FitNesseForAppian\lib\appian\fitnesse-for-appian-1.4.jar fitnesse.slim.SlimService 8087</command>
    <exitCode>1</exitCode>
    <stdOut>log4j: Using URL [file:/C:/gitCloneFitness2/appian-test-scripts/FitNesseForAppian/log4j.properties] for automatic log4j configuration.
log4j: Reading configuration from URL file:/C:/gitCloneFitness2/appian-test-scripts/FitNesseForAppian/log4j.properties
log4j: Parsing for [root] with value=[ERROR, FITNESSE, CONSOLE].
log4j: Level token is [ERROR].
log4j: Category root set to ERROR
log4j: Parsing appender named "FITNESSE".
log4j: Parsing layout options for "FITNESSE".
log4j: Setting property [conversionPattern] to [%d [%t] %-5p %c %x - %m%n].
log4j: End of parsing for "FITNESSE".
log4j: Setting property [maxBackupIndex] to [1].
log4j: Setting property [file] to [logs/fitnesse.log].
log4j: Setting property [maxFileSize] to [10MB].
log4j: setFile called: logs/fitnesse.log, true
log4j: setFile ended
log4j: Parsed "FITNESSE" options.
log4j: Parsing appender named "CONSOLE".
log4j: Parsing layout options for "CONSOLE".
log4j: Setting property [conversionPattern] to [%d [%t] %-5p %c %x - %m%n].
log4j: End of parsing for "CONSOLE".
log4j: Parsed "CONSOLE" options.
log4j: Parsing for [com.appiancorp.ps.automatedtest] with value=[DEBUG].
log4j: Level token is [DEBUG].
log4j: Category com.appiancorp.ps.automatedtest set to DEBUG
log4j: Handling log4j.additivity.com.appiancorp.ps.automatedtest=[null]
log4j: Finished configuring.
2017-02-03 10:29:57,874 [main] DEBUG com.appiancorp.ps.automatedtest.tempo.TempoMenu  - WAIT FOR [News]
2017-02-03 10:30:18,353 [main] ERROR com.appiancorp.ps.automatedtest.exception.ExceptionBuilder  - Tempo Menu - News
org.openqa.selenium.TimeoutException: Timed out after 20 seconds waiting for presence of element located by: By.xpath: //a[starts-with(@class, 'appian-menu-item') and contains(translate(text(),'ABCDEFGHIJKLMNOPQRSTUVWXYZ','abcdefghijklmnopqrstuvwxyz'),'news')]
Build info: version: '2.53.0', revision: '35ae25b1534ae328c771e0856c93e187490ca824', time: '2016-03-15 10:43:46'
System info: host: 'CTSSGPLT-474', ip: '192.168.108.141', os.name: 'Windows 7', os.arch: 'amd64', os.version: '6.1', java.version: '1.8.0_111'
Driver info: org.openqa.selenium.chrome.ChromeDriver
Capabilities [{applicationCacheEnabled=false, rotatable=false, mobileEmulationEnabled=false, networkConnectionEnabled=false, chrome={chromedriverVersion=2.27.440174 (e97a722caafc2d3a8b807ee115bfb307f7d2cfd9), userDataDir=C:\Users\582605\AppData\Local\Temp\scoped_dir5352_5658}, takesHeapSnapshot=true, pageLoadStrategy=normal, databaseEnabled=false, handlesAlerts=true, hasTouchScreen=false, version=56.0.2924.87, platform=XP, browserConnectionEnabled=false, nativeEvents=true, acceptSslCerts=true, locationContextEnabled=true, webStorageEnabled=true, browserName=chrome, takesScreenshot=true, javascriptEnabled=true, cssSelectorsEnabled=true, unexpectedAlertBehaviour=}]
Session ID: 4922f328fe86fd59de53f84b7e837763
	at org.openqa.selenium.support.ui.WebDriverWait.timeoutException(WebDriverWait.java:80)
	at org.openqa.selenium.support.ui.FluentWait.until(FluentWait.java:261)
	at com.appiancorp.ps.automatedtest.tempo.TempoMenu.waitFor(TempoMenu.java:56)
	at com.appiancorp.ps.automatedtest.fixture.TempoFixture.clickOnMenu(TempoFixture.java:78)
	at sun.reflect.NativeMethodAccessorImpl.invoke0(Native Method)
	at sun.reflect.NativeMethodAccessorImpl.invoke(Unknown Source)
	at sun.reflect.DelegatingMethodAccessorImpl.invoke(Unknown Source)
	at java.lang.reflect.Method.invoke(Unknown Source)
	at fitnesse.slim.fixtureInteraction.DefaultInteraction.methodInvoke(DefaultInteraction.java:81)
	at fitnesse.slim.MethodExecutor.callMethod(MethodExecutor.java:57)
	at fitnesse.slim.MethodExecutor.invokeMethod(MethodExecutor.java:38)
	at fitnesse.slim.MethodExecutor.findAndInvoke(MethodExecutor.java:72)
	at fitnesse.slim.FixtureMethodExecutor.execute(FixtureMethodExecutor.java:20)
	at fitnesse.slim.StatementExecutor.getMethodExecutionResult(StatementExecutor.java:135)
	at fitnesse.slim.StatementExecutor.call(StatementExecutor.java:108)
	at fitnesse.slim.instructions.CallInstruction.executeInternal(CallInstruction.java:35)
	at fitnesse.slim.instructions.Instruction.execute(Instruction.java:29)
	at fitnesse.slim.ListExecutor$Executive.executeStatement(ListExecutor.java:49)
	at fitnesse.slim.ListExecutor$Executive.executeStatements(ListExecutor.java:43)
	at fitnesse.slim.ListExecutor.execute(ListExecutor.java:85)
	at fitnesse.slim.SlimServer.executeInstructions(SlimServer.java:84)
	at fitnesse.slim.SlimServer.processOneSetOfInstructions(SlimServer.java:77)
	at fitnesse.slim.SlimServer.tryProcessInstructions(SlimServer.java:64)
	at fitnesse.slim.SlimServer.serve(SlimServer.java:49)
	at fitnesse.slim.SlimService.handle(SlimService.java:154)
	at fitnesse.slim.SlimService.acceptOne(SlimService.java:162)
	at fitnesse.slim.SlimService.accept(SlimService.java:124)
	at fitnesse.slim.SlimService.startWithFactory(SlimService.java:76)
	at fitnesse.slim.SlimService.main(SlimService.java:56)
Caused by: org.openqa.selenium.NoSuchElementException: no such element: Unable to locate element: {"method":"xpath","selector":"//a[starts-with(@class, 'appian-menu-item') and contains(translate(text(),'ABCDEFGHIJKLMNOPQRSTUVWXYZ','abcdefghijklmnopqrstuvwxyz'),'news')]"}
  (Session info: chrome=56.0.2924.87)
  (Driver info: chromedriver=2.27.440174 (e97a722caafc2d3a8b807ee115bfb307f7d2cfd9),platform=Windows NT 6.1.7601 SP1 x86_64) (WARNING: The server did not provide any stacktrace information)
Command duration or timeout: 27 milliseconds
For documentation on this error, please visit: http://seleniumhq.org/exceptions/no_such_element.html
Build info: version: '2.53.0', revision: '35ae25b1534ae328c771e0856c93e187490ca824', time: '2016-03-15 10:43:46'
System info: host: 'CTSSGPLT-474', ip: '192.168.108.141', os.name: 'Windows 7', os.arch: 'amd64', os.version: '6.1', java.version: '1.8.0_111'
Driver info: org.openqa.selenium.chrome.ChromeDriver
Capabilities [{applicationCacheEnabled=false, rotatable=false, mobileEmulationEnabled=false, networkConnectionEnabled=false, chrome={chromedriverVersion=2.27.440174 (e97a722caafc2d3a8b807ee115bfb307f7d2cfd9), userDataDir=C:\Users\582605\AppData\Local\Temp\scoped_dir5352_5658}, takesHeapSnapshot=true, pageLoadStrategy=normal, databaseEnabled=false, handlesAlerts=true, hasTouchScreen=false, version=56.0.2924.87, platform=XP, browserConnectionEnabled=false, nativeEvents=true, acceptSslCerts=true, locationContextEnabled=true, webStorageEnabled=true, browserName=chrome, takesScreenshot=true, javascriptEnabled=true, cssSelectorsEnabled=true, unexpectedAlertBehaviour=}]
Session ID: 4922f328fe86fd59de53f84b7e837763
*** Element info: {Using=xpath, value=//a[starts-with(@class, 'appian-menu-item') and contains(translate(text(),'ABCDEFGHIJKLMNOPQRSTUVWXYZ','abcdefghijklmnopqrstuvwxyz'),'news')]}
	at sun.reflect.GeneratedConstructorAccessor10.newInstance(Unknown Source)
	at sun.reflect.DelegatingConstructorAccessorImpl.newInstance(Unknown Source)
	at java.lang.reflect.Constructor.newInstance(Unknown Source)
	at org.openqa.selenium.remote.ErrorHandler.createThrowable(ErrorHandler.java:206)
	at org.openqa.selenium.remote.ErrorHandler.throwIfResponseFailed(ErrorHandler.java:158)
	at org.openqa.selenium.remote.RemoteWebDriver.execute(RemoteWebDriver.java:678)
	at org.openqa.selenium.remote.RemoteWebDriver.findElement(RemoteWebDriver.java:363)
	at org.openqa.selenium.remote.RemoteWebDriver.findElementByXPath(RemoteWebDriver.java:500)
	at org.openqa.selenium.By$ByXPath.findElement(By.java:361)
	at org.openqa.selenium.remote.RemoteWebDriver.findElement(RemoteWebDriver.java:355)
	at org.openqa.selenium.support.ui.ExpectedConditions.findElement(ExpectedConditions.java:899)
	at org.openqa.selenium.support.ui.ExpectedConditions.access$000(ExpectedConditions.java:41)
	at org.openqa.selenium.support.ui.ExpectedConditions$6.apply(ExpectedConditions.java:181)
	at org.openqa.selenium.support.ui.ExpectedConditions$6.apply(ExpectedConditions.java:178)
	at org.openqa.selenium.support.ui.FluentWait.until(FluentWait.java:238)
	... 27 more
2017-02-03 10:30:18,409 [main] DEBUG com.appiancorp.ps.automatedtest.tempo.TempoMenu  - WAIT FOR [Records]
</stdOut>
    <stdErr></stdErr>
    <exception>Socket closed</exception>
  </executionLog>
  <finalCounts>
    <right>0</right>
    <wrong>0</wrong>
    <ignores>0</ignores>
    <exceptions>3</exceptions>
  </finalCounts>
  <totalRunTimeInMillis>33851</totalRunTimeInMillis>
</suiteResults>

